2022-01-13 22:46:04.216688500000 [29996(ThreadId 9)] ERROR APP - user error (no stacktrace found.)
2022-01-13 22:46:04.275876900000 [29996(ThreadId 9)] ERROR APP - user error (no stacktrace found.)
2022-01-13 22:46:05.349296500000 [29996(ThreadId 9)] ERROR APP - user error (ExecResult not found.)
2022-01-25 23:55:04.425549400000 [15139(ThreadId 9)] ERROR APP - user error (<getModule> loaded module can not find from path. </home/huertaariel1/myProjects/school/simulation/house-robot/test/EnvSpec.hs> [("EnvElements","/home/huertaariel1/myProjects/school/simulation/house-robot/src/EnvElements.hs"),("Environment","/home/huertaariel1/myProjects/school/simulation/house-robot/src/Environment.hs"),("SpecHelper","/home/huertaariel1/myProjects/school/simulation/house-robot/test/SpecHelper.hs")])
2022-01-25 23:55:04.535192900000 [15139(ThreadId 9)] ERROR APP - start debugging failed. user error (ExecResult not found.) : Left "user error (ExecResult not found.)"
2022-01-26 00:10:40.520188800000 [16555(ThreadId 9)] ERROR APP - user error (<getModule> loaded module can not find from path. </home/huertaariel1/myProjects/school/simulation/house-robot/test/EnvSpec.hs> [("SpecHelper","/home/huertaariel1/myProjects/school/simulation/house-robot/test/SpecHelper.hs")])
2022-01-26 00:10:40.714887200000 [16555(ThreadId 9)] ERROR APP - start debugging failed. user error (ExecResult not found.) : Left "user error (ExecResult not found.)"
2022-01-26 00:10:54.108490100000 [16555(ThreadId 9)] ERROR APP - user error (<getModule> loaded module can not find from path. </home/huertaariel1/myProjects/school/simulation/house-robot/test/EnvSpec.hs> [("SpecHelper","/home/huertaariel1/myProjects/school/simulation/house-robot/test/SpecHelper.hs")])
2022-01-26 00:10:59.594905900000 [16602(ThreadId 9)] ERROR APP - user error (<getModule> loaded module can not find from path. </home/huertaariel1/myProjects/school/simulation/house-robot/test/EnvSpec.hs> [("SpecHelper","/home/huertaariel1/myProjects/school/simulation/house-robot/test/SpecHelper.hs")])
2022-01-26 00:10:59.664823000000 [16602(ThreadId 9)] ERROR APP - start debugging failed. user error (ExecResult not found.) : Left "user error (ExecResult not found.)"
2022-01-26 00:11:11.571834100000 [16602(ThreadId 9)] ERROR APP - user error (<getModule> loaded module can not find from path. </home/huertaariel1/myProjects/school/simulation/house-robot/test/EnvSpec.hs> [("SpecHelper","/home/huertaariel1/myProjects/school/simulation/house-robot/test/SpecHelper.hs")])
2022-01-26 00:11:12.831509600000 [16602(ThreadId 9)] ERROR APP - user error (<getModule> loaded module can not find from path. </home/huertaariel1/myProjects/school/simulation/house-robot/test/EnvSpec.hs> [("SpecHelper","/home/huertaariel1/myProjects/school/simulation/house-robot/test/SpecHelper.hs")])
2022-01-26 00:11:15.991344200000 [16648(ThreadId 9)] ERROR APP - user error (<getModule> loaded module can not find from path. </home/huertaariel1/myProjects/school/simulation/house-robot/test/EnvSpec.hs> [("SpecHelper","/home/huertaariel1/myProjects/school/simulation/house-robot/test/SpecHelper.hs")])
2022-01-26 00:11:16.089116600000 [16648(ThreadId 9)] ERROR APP - start debugging failed. user error (ExecResult not found.) : Left "user error (ExecResult not found.)"
2022-01-26 00:12:17.129849100000 [16719(ThreadId 9)] ERROR APP - user error (no stacktrace found.)
2022-01-26 00:12:17.193825300000 [16719(ThreadId 9)] ERROR APP - user error (no stacktrace found.)
2022-01-26 00:12:19.120079200000 [16719(ThreadId 9)] ERROR APP - user error (ExecResult not found.)
2022-01-26 00:14:19.211172400000 [16933(ThreadId 9)] ERROR APP - user error (no stacktrace found.)
2022-01-26 00:14:19.290333400000 [16933(ThreadId 9)] ERROR APP - user error (no stacktrace found.)
2022-01-26 00:14:22.301070600000 [16933(ThreadId 9)] ERROR APP - user error (ExecResult not found.)
2022-01-26 00:34:00.312923800000 [18855(ThreadId 9)] ERROR APP - start debugging failed. user error (ExecResult not found.) : Left "user error (ExecResult not found.)"
2022-01-26 00:34:06.908225900000 [18855(ThreadId 9)] ERROR APP - user error (<getModule> loaded module can not find from path. </home/huertaariel1/myProjects/school/simulation/house-robot/test/EnvSpec.hs> [("EnvElements","/home/huertaariel1/myProjects/school/simulation/house-robot/src/EnvElements.hs"),("Environment","/home/huertaariel1/myProjects/school/simulation/house-robot/src/Environment.hs"),("SpecHelper","/home/huertaariel1/myProjects/school/simulation/house-robot/test/SpecHelper.hs")])
2022-01-26 00:34:18.222623500000 [18902(ThreadId 9)] ERROR APP - user error (<getModule> loaded module can not find from path. </home/huertaariel1/myProjects/school/simulation/house-robot/test/EnvSpec.hs> [("EnvElements","/home/huertaariel1/myProjects/school/simulation/house-robot/src/EnvElements.hs"),("Environment","/home/huertaariel1/myProjects/school/simulation/house-robot/src/Environment.hs"),("SpecHelper","/home/huertaariel1/myProjects/school/simulation/house-robot/test/SpecHelper.hs")])
2022-01-26 00:34:18.308290800000 [18902(ThreadId 9)] ERROR APP - start debugging failed. user error (ExecResult not found.) : Left "user error (ExecResult not found.)"
2022-01-26 01:48:13.132512800000 [21549(ThreadId 9)] ERROR APP - invalid dap result from ghci. ["       expected: [[Dirty (2,3)]]","        but got: <<DAP>>Right (ScopesResponseBody {scopesScopesResponseBody = [Scope {nameScope = \"GHCi Local\", variablesReferenceScope = 1, namedVariablesScope = Nothing, indexedVariablesScope = Nothing, expensiveScope = False},Scope {nameScope = \"GHCi Global\", variablesReferenceScope = 2, namedVariablesScope = Nothing, indexedVariablesScope = Nothing, expensiveScope = False}]})","H>>= "]
2022-01-26 01:48:22.190550100000 [21549(ThreadId 9)] ERROR APP - user error (ExecResult not found.)
2022-01-26 01:48:22.207219500000 [21549(ThreadId 9)] ERROR APP - user error (no stacktrace found.)
2022-01-26 01:50:03.185596200000 [21622(ThreadId 9)] ERROR APP - user error (no stacktrace found.)
2022-01-26 01:50:03.255292500000 [21622(ThreadId 9)] ERROR APP - user error (no stacktrace found.)
2022-01-26 01:50:04.169887900000 [21622(ThreadId 9)] ERROR APP - user error (ExecResult not found.)
2022-01-26 02:43:38.088807200000 [22860(ThreadId 9)] ERROR APP - user error (no stacktrace found.)
2022-01-26 02:43:38.156362200000 [22860(ThreadId 9)] ERROR APP - user error (no stacktrace found.)
2022-01-26 02:43:44.303898500000 [22860(ThreadId 9)] ERROR APP - user error (ExecResult not found.)
2022-01-26 02:45:53.075975900000 [22911(ThreadId 9)] ERROR APP - user error (no stacktrace found.)
2022-01-26 02:45:53.158494200000 [22911(ThreadId 9)] ERROR APP - user error (no stacktrace found.)
2022-01-26 02:45:57.368134900000 [22911(ThreadId 9)] ERROR APP - user error (ExecResult not found.)
2022-01-26 02:47:04.364425700000 [22972(ThreadId 9)] ERROR APP - user error (no stacktrace found.)
2022-01-26 02:47:04.487265500000 [22972(ThreadId 9)] ERROR APP - user error (no stacktrace found.)
2022-01-26 02:47:11.543750200000 [22972(ThreadId 9)] ERROR APP - user error (ExecResult not found.)
2022-01-27 23:57:14.322575500000 [864(ThreadId 9)] ERROR APP - user error (<getModule> loaded module can not find from path. </home/huertaariel1/myProjects/school/simulation/house-robot/test/EnvSpec.hs> [("EnvElements","/home/huertaariel1/myProjects/school/simulation/house-robot/src/EnvElements.hs"),("Environment","/home/huertaariel1/myProjects/school/simulation/house-robot/src/Environment.hs"),("SpecHelper","/home/huertaariel1/myProjects/school/simulation/house-robot/test/SpecHelper.hs")])
2022-01-27 23:57:14.963369800000 [864(ThreadId 9)] ERROR APP - start debugging failed. user error (ExecResult not found.) : Left "user error (ExecResult not found.)"
2022-01-27 23:59:20.448450000000 [1118(ThreadId 9)] ERROR APP - user error (<getModule> loaded module can not find from path. </home/huertaariel1/myProjects/school/simulation/house-robot/test/EnvSpec.hs> [("EnvElements","/home/huertaariel1/myProjects/school/simulation/house-robot/src/EnvElements.hs"),("Environment","/home/huertaariel1/myProjects/school/simulation/house-robot/src/Environment.hs"),("SpecHelper","/home/huertaariel1/myProjects/school/simulation/house-robot/test/SpecHelper.hs")])
2022-01-27 23:59:20.630603400000 [1118(ThreadId 9)] ERROR APP - start debugging failed. user error (ExecResult not found.) : Left "user error (ExecResult not found.)"
2022-01-27 23:59:49.078094900000 [1265(ThreadId 9)] ERROR APP - user error (<getModule> loaded module can not find from path. </home/huertaariel1/myProjects/school/simulation/house-robot/test/EnvSpec.hs> [("EnvElements","/home/huertaariel1/myProjects/school/simulation/house-robot/src/EnvElements.hs"),("Environment","/home/huertaariel1/myProjects/school/simulation/house-robot/src/Environment.hs"),("SpecHelper","/home/huertaariel1/myProjects/school/simulation/house-robot/test/SpecHelper.hs")])
2022-01-27 23:59:49.239095500000 [1265(ThreadId 9)] ERROR APP - start debugging failed. user error (ExecResult not found.) : Left "user error (ExecResult not found.)"
2022-02-01 00:50:48.519340700000 [7067(ThreadId 9)] ERROR APP - user error (no stacktrace found.)
2022-02-01 00:50:48.580985700000 [7067(ThreadId 9)] ERROR APP - user error (no stacktrace found.)
2022-02-01 00:50:49.879112300000 [7067(ThreadId 9)] ERROR APP - user error (ExecResult not found.)
2022-02-01 02:31:27.353587300000 [9762(ThreadId 9)] ERROR APP - user error (no stacktrace found.)
2022-02-01 02:31:27.396631500000 [9762(ThreadId 9)] ERROR APP - user error (no stacktrace found.)
2022-02-01 02:35:02.049325300000 [9831(ThreadId 9)] ERROR APP - user error (no stacktrace found.)
2022-02-01 02:35:02.100850500000 [9831(ThreadId 9)] ERROR APP - user error (no stacktrace found.)
2022-02-01 14:58:27.098507200000 [1621(ThreadId 9)] ERROR APP - user error (no stacktrace found.)
2022-02-01 14:58:27.218879100000 [1621(ThreadId 9)] ERROR APP - user error (no stacktrace found.)
2022-02-01 14:58:28.453030900000 [1621(ThreadId 9)] ERROR APP - user error (ExecResult not found.)
2022-02-01 15:13:22.751089600000 [2638(ThreadId 9)] ERROR APP - user error (no stacktrace found.)
2022-02-01 15:13:22.822424800000 [2638(ThreadId 9)] ERROR APP - user error (no stacktrace found.)
2022-02-01 15:15:11.158115700000 [2721(ThreadId 9)] ERROR APP - user error (no stacktrace found.)
2022-02-01 15:15:11.244025500000 [2721(ThreadId 9)] ERROR APP - user error (no stacktrace found.)
2022-02-01 16:32:43.351568700000 [4209(ThreadId 9)] ERROR APP - user error (no stacktrace found.)
2022-02-01 16:32:43.405305600000 [4209(ThreadId 9)] ERROR APP - user error (no stacktrace found.)
2022-02-01 16:32:44.712371100000 [4209(ThreadId 9)] ERROR APP - user error (ExecResult not found.)
2022-02-01 17:50:52.243810300000 [6407(ThreadId 9)] ERROR APP - user error (no stacktrace found.)
2022-02-01 17:50:52.301862800000 [6407(ThreadId 9)] ERROR APP - user error (no stacktrace found.)
2022-02-01 17:50:57.705062300000 [6407(ThreadId 9)] ERROR APP - user error (ExecResult not found.)
2022-02-02 20:52:52.407352900000 [22569(ThreadId 9)] ERROR APP - user error (no stacktrace found.)
2022-02-02 20:52:52.470325700000 [22569(ThreadId 9)] ERROR APP - user error (no stacktrace found.)
2022-02-02 20:52:56.322784900000 [22569(ThreadId 9)] ERROR APP - user error (ExecResult not found.)
2022-02-03 22:40:57.249899700000 [25954(ThreadId 9)] ERROR APP - user error (<getModule> loaded module can not find from path. </home/huertaariel1/myProjects/school/simulation/house-robot/test/EnvSpec.hs> [("Agents","/home/huertaariel1/myProjects/school/simulation/house-robot/src/Agents.hs"),("EnvChange","/home/huertaariel1/myProjects/school/simulation/house-robot/src/EnvChange.hs"),("EnvElements","/home/huertaariel1/myProjects/school/simulation/house-robot/src/EnvElements.hs"),("Environment","/home/huertaariel1/myProjects/school/simulation/house-robot/src/Environment.hs"),("SpecHelper","/home/huertaariel1/myProjects/school/simulation/house-robot/test/SpecHelper.hs"),("Utils","/home/huertaariel1/myProjects/school/simulation/house-robot/src/Utils.hs")])
2022-02-03 22:40:57.373574500000 [25954(ThreadId 9)] ERROR APP - start debugging failed. user error (ExecResult not found.) : Left "user error (ExecResult not found.)"
2022-02-03 22:42:23.374682300000 [26140(ThreadId 9)] ERROR APP - user error (<getModule> loaded module can not find from path. </home/huertaariel1/myProjects/school/simulation/house-robot/test/EnvSpec.hs> [("Agents","/home/huertaariel1/myProjects/school/simulation/house-robot/src/Agents.hs"),("EnvChange","/home/huertaariel1/myProjects/school/simulation/house-robot/src/EnvChange.hs"),("EnvElements","/home/huertaariel1/myProjects/school/simulation/house-robot/src/EnvElements.hs"),("Environment","/home/huertaariel1/myProjects/school/simulation/house-robot/src/Environment.hs"),("SpecHelper","/home/huertaariel1/myProjects/school/simulation/house-robot/test/SpecHelper.hs"),("Utils","/home/huertaariel1/myProjects/school/simulation/house-robot/src/Utils.hs")])
2022-02-03 22:42:23.404617500000 [26140(ThreadId 9)] ERROR APP - user error (<getModule> loaded module can not find from path. </home/huertaariel1/myProjects/school/simulation/house-robot/src/Lib.hs> [("Agents","/home/huertaariel1/myProjects/school/simulation/house-robot/src/Agents.hs"),("EnvChange","/home/huertaariel1/myProjects/school/simulation/house-robot/src/EnvChange.hs"),("EnvElements","/home/huertaariel1/myProjects/school/simulation/house-robot/src/EnvElements.hs"),("Environment","/home/huertaariel1/myProjects/school/simulation/house-robot/src/Environment.hs"),("SpecHelper","/home/huertaariel1/myProjects/school/simulation/house-robot/test/SpecHelper.hs"),("Utils","/home/huertaariel1/myProjects/school/simulation/house-robot/src/Utils.hs")])
2022-02-03 22:42:23.446375000000 [26140(ThreadId 9)] ERROR APP - start debugging failed. user error (ExecResult not found.) : Left "user error (ExecResult not found.)"
2022-02-03 22:42:47.931413200000 [26229(ThreadId 9)] ERROR APP - user error (<getModule> loaded module can not find from path. </home/huertaariel1/myProjects/school/simulation/house-robot/src/Lib.hs> [("Agents","/home/huertaariel1/myProjects/school/simulation/house-robot/src/Agents.hs"),("EnvChange","/home/huertaariel1/myProjects/school/simulation/house-robot/src/EnvChange.hs"),("EnvElements","/home/huertaariel1/myProjects/school/simulation/house-robot/src/EnvElements.hs"),("EnvSpec","/home/huertaariel1/myProjects/school/simulation/house-robot/test/EnvSpec.hs"),("Environment","/home/huertaariel1/myProjects/school/simulation/house-robot/src/Environment.hs"),("Main","/tmp/ghc26243_0/ghc_1.hspp"),("SpecHelper","/home/huertaariel1/myProjects/school/simulation/house-robot/test/SpecHelper.hs"),("Utils","/home/huertaariel1/myProjects/school/simulation/house-robot/src/Utils.hs")])
2022-02-03 23:08:52.455015100000 [30257(ThreadId 9)] ERROR APP - user error (<getModule> loaded module can not find from path. </home/huertaariel1/myProjects/school/simulation/house-robot/src/Lib.hs> [("Agents","/home/huertaariel1/myProjects/school/simulation/house-robot/src/Agents.hs"),("EnvChange","/home/huertaariel1/myProjects/school/simulation/house-robot/src/EnvChange.hs"),("EnvElements","/home/huertaariel1/myProjects/school/simulation/house-robot/src/EnvElements.hs"),("EnvSpec","/home/huertaariel1/myProjects/school/simulation/house-robot/test/EnvSpec.hs"),("Environment","/home/huertaariel1/myProjects/school/simulation/house-robot/src/Environment.hs"),("Main","/tmp/ghc30272_0/ghc_1.hspp"),("SpecHelper","/home/huertaariel1/myProjects/school/simulation/house-robot/test/SpecHelper.hs"),("Utils","/home/huertaariel1/myProjects/school/simulation/house-robot/src/Utils.hs")])
2022-02-03 23:10:11.076368000000 [30257(ThreadId 9)] ERROR APP - user error (no stacktrace found.)
2022-02-03 23:10:11.132082900000 [30257(ThreadId 9)] ERROR APP - user error (no stacktrace found.)
2022-02-03 23:10:14.065455600000 [30257(ThreadId 9)] ERROR APP - user error (ExecResult not found.)
2022-02-03 23:10:35.871241500000 [30390(ThreadId 9)] ERROR APP - user error (<getModule> loaded module can not find from path. </home/huertaariel1/myProjects/school/simulation/house-robot/src/Lib.hs> [("Agents","/home/huertaariel1/myProjects/school/simulation/house-robot/src/Agents.hs"),("EnvChange","/home/huertaariel1/myProjects/school/simulation/house-robot/src/EnvChange.hs"),("EnvElements","/home/huertaariel1/myProjects/school/simulation/house-robot/src/EnvElements.hs"),("EnvSpec","/home/huertaariel1/myProjects/school/simulation/house-robot/test/EnvSpec.hs"),("Environment","/home/huertaariel1/myProjects/school/simulation/house-robot/src/Environment.hs"),("Main","/tmp/ghc30404_0/ghc_1.hspp"),("SpecHelper","/home/huertaariel1/myProjects/school/simulation/house-robot/test/SpecHelper.hs"),("Utils","/home/huertaariel1/myProjects/school/simulation/house-robot/src/Utils.hs")])
2022-02-03 23:16:39.883350300000 [30390(ThreadId 9)] ERROR APP - user error (no stacktrace found.)
2022-02-03 23:16:40.095491200000 [30390(ThreadId 9)] ERROR APP - user error (no stacktrace found.)
2022-02-03 23:16:45.278069600000 [30390(ThreadId 9)] ERROR APP - user error (ExecResult not found.)
2022-02-04 00:23:19.398401500000 [4563(ThreadId 9)] ERROR APP - user error (<getModule> loaded module can not find from path. </home/huertaariel1/myProjects/school/simulation/house-robot/src/Lib.hs> [("Agents","/home/huertaariel1/myProjects/school/simulation/house-robot/src/Agents.hs"),("EnvChange","/home/huertaariel1/myProjects/school/simulation/house-robot/src/EnvChange.hs"),("EnvElements","/home/huertaariel1/myProjects/school/simulation/house-robot/src/EnvElements.hs"),("EnvSpec","/home/huertaariel1/myProjects/school/simulation/house-robot/test/EnvSpec.hs"),("Environment","/home/huertaariel1/myProjects/school/simulation/house-robot/src/Environment.hs"),("Main","/tmp/ghc4576_0/ghc_1.hspp"),("SpecHelper","/home/huertaariel1/myProjects/school/simulation/house-robot/test/SpecHelper.hs"),("Utils","/home/huertaariel1/myProjects/school/simulation/house-robot/src/Utils.hs")])
2022-02-04 00:23:31.223743900000 [4621(ThreadId 9)] ERROR APP - user error (<getModule> loaded module can not find from path. </home/huertaariel1/myProjects/school/simulation/house-robot/src/Lib.hs> [("Agents","/home/huertaariel1/myProjects/school/simulation/house-robot/src/Agents.hs"),("EnvChange","/home/huertaariel1/myProjects/school/simulation/house-robot/src/EnvChange.hs"),("EnvElements","/home/huertaariel1/myProjects/school/simulation/house-robot/src/EnvElements.hs"),("EnvSpec","/home/huertaariel1/myProjects/school/simulation/house-robot/test/EnvSpec.hs"),("Environment","/home/huertaariel1/myProjects/school/simulation/house-robot/src/Environment.hs"),("Main","/tmp/ghc4635_0/ghc_1.hspp"),("SpecHelper","/home/huertaariel1/myProjects/school/simulation/house-robot/test/SpecHelper.hs"),("Utils","/home/huertaariel1/myProjects/school/simulation/house-robot/src/Utils.hs")])
2022-02-04 00:24:14.073774200000 [4621(ThreadId 9)] ERROR APP - user error (no stacktrace found.)
2022-02-04 00:24:14.128120300000 [4621(ThreadId 9)] ERROR APP - user error (no stacktrace found.)
2022-02-04 00:24:17.268257000000 [4621(ThreadId 9)] ERROR APP - user error (ExecResult not found.)
2022-02-04 00:24:48.886136900000 [4754(ThreadId 9)] ERROR APP - user error (<getModule> loaded module can not find from path. </home/huertaariel1/myProjects/school/simulation/house-robot/src/Lib.hs> [("Agents","/home/huertaariel1/myProjects/school/simulation/house-robot/src/Agents.hs"),("EnvChange","/home/huertaariel1/myProjects/school/simulation/house-robot/src/EnvChange.hs"),("EnvElements","/home/huertaariel1/myProjects/school/simulation/house-robot/src/EnvElements.hs"),("EnvSpec","/home/huertaariel1/myProjects/school/simulation/house-robot/test/EnvSpec.hs"),("Environment","/home/huertaariel1/myProjects/school/simulation/house-robot/src/Environment.hs"),("Main","/tmp/ghc4767_0/ghc_1.hspp"),("SpecHelper","/home/huertaariel1/myProjects/school/simulation/house-robot/test/SpecHelper.hs"),("Utils","/home/huertaariel1/myProjects/school/simulation/house-robot/src/Utils.hs")])
2022-02-04 17:15:57.317643800000 [2488(ThreadId 9)] ERROR APP - user error (<getModule> loaded module can not find from path. </home/huertaariel1/myProjects/school/simulation/house-robot/app/Main.hs> [("Agents","/home/huertaariel1/myProjects/school/simulation/house-robot/src/Agents.hs"),("EnvChange","/home/huertaariel1/myProjects/school/simulation/house-robot/src/EnvChange.hs"),("EnvElements","/home/huertaariel1/myProjects/school/simulation/house-robot/src/EnvElements.hs"),("EnvSpec","/home/huertaariel1/myProjects/school/simulation/house-robot/test/EnvSpec.hs"),("Environment","/home/huertaariel1/myProjects/school/simulation/house-robot/src/Environment.hs"),("Lib","/home/huertaariel1/myProjects/school/simulation/house-robot/src/Lib.hs"),("Main","/tmp/ghc2503_0/ghc_1.hspp"),("SpecHelper","/home/huertaariel1/myProjects/school/simulation/house-robot/test/SpecHelper.hs"),("Utils","/home/huertaariel1/myProjects/school/simulation/house-robot/src/Utils.hs")])
2022-02-04 17:16:20.326369400000 [2559(ThreadId 9)] ERROR APP - user error (<getModule> loaded module can not find from path. </home/huertaariel1/myProjects/school/simulation/house-robot/app/Main.hs> [("Agents","/home/huertaariel1/myProjects/school/simulation/house-robot/src/Agents.hs"),("EnvChange","/home/huertaariel1/myProjects/school/simulation/house-robot/src/EnvChange.hs"),("EnvElements","/home/huertaariel1/myProjects/school/simulation/house-robot/src/EnvElements.hs"),("EnvSpec","/home/huertaariel1/myProjects/school/simulation/house-robot/test/EnvSpec.hs"),("Environment","/home/huertaariel1/myProjects/school/simulation/house-robot/src/Environment.hs"),("Lib","/home/huertaariel1/myProjects/school/simulation/house-robot/src/Lib.hs"),("Main","/tmp/ghc2574_0/ghc_1.hspp"),("SpecHelper","/home/huertaariel1/myProjects/school/simulation/house-robot/test/SpecHelper.hs"),("Utils","/home/huertaariel1/myProjects/school/simulation/house-robot/src/Utils.hs")])
2022-02-04 17:16:26.752661700000 [2559(ThreadId 9)] ERROR APP - start debugging failed. user error (ExecResult not found.) : Left "user error (ExecResult not found.)"
2022-02-04 18:58:48.338739400000 [8875(ThreadId 9)] ERROR APP - user error (<getModule> loaded module can not find from path. </home/huertaariel1/myProjects/school/simulation/house-robot/app/Main.hs> [("Agents","/home/huertaariel1/myProjects/school/simulation/house-robot/src/Agents.hs"),("EnvChange","/home/huertaariel1/myProjects/school/simulation/house-robot/src/EnvChange.hs"),("EnvElements","/home/huertaariel1/myProjects/school/simulation/house-robot/src/EnvElements.hs"),("EnvSpec","/home/huertaariel1/myProjects/school/simulation/house-robot/test/EnvSpec.hs"),("Environment","/home/huertaariel1/myProjects/school/simulation/house-robot/src/Environment.hs"),("Lib","/home/huertaariel1/myProjects/school/simulation/house-robot/src/Lib.hs"),("Main","/tmp/ghc8889_0/ghc_1.hspp"),("SpecHelper","/home/huertaariel1/myProjects/school/simulation/house-robot/test/SpecHelper.hs"),("Utils","/home/huertaariel1/myProjects/school/simulation/house-robot/src/Utils.hs")])
2022-02-04 18:58:54.900247000000 [8875(ThreadId 9)] ERROR APP - start debugging failed. user error (ExecResult not found.) : Left "user error (ExecResult not found.)"
2022-02-04 19:03:58.979837100000 [9626(ThreadId 9)] ERROR APP - user error (<getModule> loaded module can not find from path. </home/huertaariel1/myProjects/school/simulation/house-robot/app/Main.hs> [("Agents","/home/huertaariel1/myProjects/school/simulation/house-robot/src/Agents.hs"),("EnvChange","/home/huertaariel1/myProjects/school/simulation/house-robot/src/EnvChange.hs"),("EnvElements","/home/huertaariel1/myProjects/school/simulation/house-robot/src/EnvElements.hs"),("EnvSpec","/home/huertaariel1/myProjects/school/simulation/house-robot/test/EnvSpec.hs"),("Environment","/home/huertaariel1/myProjects/school/simulation/house-robot/src/Environment.hs"),("Lib","/home/huertaariel1/myProjects/school/simulation/house-robot/src/Lib.hs"),("Main","/tmp/ghc9640_0/ghc_1.hspp"),("SpecHelper","/home/huertaariel1/myProjects/school/simulation/house-robot/test/SpecHelper.hs"),("Utils","/home/huertaariel1/myProjects/school/simulation/house-robot/src/Utils.hs")])
